<?xml version="1.0" encoding="UTF-8"?>
<!-- Generated by org.testng.reporters.JUnitXMLReporter -->
<testsuite hostname="Rohan-PC" name="Test" tests="5" failures="0" timestamp="13 May 2020 23:03:32 GMT" time="119.918" errors="0">
  <testcase name="baseNavigation" time="0.646" classname="Academy.ValidateNavBar"/>
  <testcase name="baseNavigation" time="0.647" classname="Academy.ValidateTitle"/>
  <testcase name="baseNavigation" time="25.382" classname="Academy.TestUserWithDataProvide"/>
  <testcase name="baseNavigation" time="26.343" classname="Academy.HomePage"/>
  <testcase name="baseNavigation" time="13.925" classname="Academy.TestUserWithDataProvide"/>
</testsuite> <!-- Test -->
