<?xml version="1.0" encoding="UTF-8"?>
<testsuite xmlns:xsi="http://www.w3.org/2001/XMLSchema-instance" xsi:noNamespaceSchemaLocation="https://maven.apache.org/surefire/maven-surefire-plugin/xsd/surefire-test-report.xsd" name="TestSuite" time="16.678" tests="10" errors="0" skipped="7" failures="3">
  <properties>
[...]
</properties>
  <testcase name="initialize" classname="Academy.HomePage" time="14.069">
    <failure message="The driver executable does not exist: C:\chromedriver.exe" type="java.lang.IllegalStateException">java.lang.IllegalStateException: The driver executable does not exist: C:\chromedriver.exe
	at Academy.HomePage.initialize(HomePage.java:28)
</failure>
    <system-out><![CDATA[chrome
]]></system-out>
  </testcase>
  <testcase name="basePageNavigation" classname="Academy.HomePage" time="0">
    <skipped/>
  </testcase>
  <testcase name="basePageNavigation" classname="Academy.HomePage" time="0">
    <skipped/>
  </testcase>
  <testcase name="teardown" classname="Academy.HomePage" time="0">
    <skipped/>
  </testcase>
  <testcase name="initialize" classname="Academy.validateTitle" time="1.812">
    <failure message="The driver executable does not exist: C:\chromedriver.exe" type="java.lang.IllegalStateException">java.lang.IllegalStateException: The driver executable does not exist: C:\chromedriver.exe
	at Academy.validateTitle.initialize(validateTitle.java:28)
</failure>
    <system-out><![CDATA[chrome
]]></system-out>
  </testcase>
  <testcase name="validateAppTitle" classname="Academy.validateTitle" time="0">
    <skipped/>
  </testcase>
  <testcase name="teardown" classname="Academy.validateTitle" time="0">
    <skipped/>
  </testcase>
  <testcase name="initialize" classname="Academy.validateNavigationBar" time="0.203">
    <failure message="The driver executable does not exist: C:\chromedriver.exe" type="java.lang.IllegalStateException">java.lang.IllegalStateException: The driver executable does not exist: C:\chromedriver.exe
	at Academy.validateNavigationBar.initialize(validateNavigationBar.java:32)
</failure>
    <system-out><![CDATA[chrome
]]></system-out>
  </testcase>
  <testcase name="validateAppNavBar" classname="Academy.validateNavigationBar" time="0">
    <skipped/>
  </testcase>
  <testcase name="teardown" classname="Academy.validateNavigationBar" time="0">
    <skipped/>
  </testcase>
</testsuite>