<?xml version="1.0" encoding="UTF-8"?>
<testng-results skipped="0" failed="0" total="1" passed="1">
  <reporter-output>
  </reporter-output>
  <suite name="Default suite" duration-ms="29771" started-at="2020-05-15T19:15:11Z" finished-at="2020-05-15T19:15:40Z">
    <groups>
    </groups>
    <test name="Default test" duration-ms="29771" started-at="2020-05-15T19:15:11Z" finished-at="2020-05-15T19:15:40Z">
      <class name="Academy.ValidateNavBar">
        <test-method status="PASS" signature="initialize()[pri:0, instance:Academy.ValidateNavBar@55a561cf]" name="initialize" is-config="true" duration-ms="29524" started-at="2020-05-15T12:15:11Z" finished-at="2020-05-15T12:15:40Z">
          <reporter-output>
          </reporter-output>
        </test-method> <!-- initialize -->
        <test-method status="PASS" signature="baseNavigation()[pri:0, instance:Academy.ValidateNavBar@55a561cf]" name="baseNavigation" duration-ms="161" started-at="2020-05-15T12:15:40Z" finished-at="2020-05-15T12:15:40Z">
          <reporter-output>
          </reporter-output>
        </test-method> <!-- baseNavigation -->
        <test-method status="PASS" signature="teardown()[pri:0, instance:Academy.ValidateNavBar@55a561cf]" name="teardown" is-config="true" duration-ms="52" started-at="2020-05-15T12:15:40Z" finished-at="2020-05-15T12:15:40Z">
          <reporter-output>
          </reporter-output>
        </test-method> <!-- teardown -->
      </class> <!-- Academy.ValidateNavBar -->
    </test> <!-- Default test -->
  </suite> <!-- Default suite -->
</testng-results>
